build/app/intermediates/manifest_merge_blame_file/release/manifest-merger-blame-release-report.txt
1<?xml version="1.0" encoding="utf-8"?>
2<manifest xmlns:android="http://schemas.android.com/apk/res/android"
3    package="com.example.ftalk_recorder"
4    android:versionCode="1"
5    android:versionName="1.0.0" >
6
7    <uses-sdk
8        android:minSdkVersion="24"
9        android:targetSdkVersion="34" />
10
11    <uses-permission android:name="android.permission.WRITE_EXTERNAL_STORAGE" />
11-->src/main/AndroidManifest.xml:2:5-81
11-->src/main/AndroidManifest.xml:2:22-78
12    <uses-permission android:name="android.permission.READ_EXTERNAL_STORAGE" />
12-->src/main/AndroidManifest.xml:3:5-80
12-->src/main/AndroidManifest.xml:3:22-77
13    <uses-permission android:name="android.permission.RECORD_AUDIO" />
13-->src/main/AndroidManifest.xml:4:5-71
13-->src/main/AndroidManifest.xml:4:22-68
14    <!-- Optional for Android 11+ -->
15    <uses-permission android:name="android.permission.MANAGE_EXTERNAL_STORAGE" />
15-->src/main/AndroidManifest.xml:6:5-82
15-->src/main/AndroidManifest.xml:6:22-79
16
17    <!-- Optional for vibration feedback -->
18    <uses-permission android:name="android.permission.VIBRATE" />
18-->src/main/AndroidManifest.xml:9:5-66
18-->src/main/AndroidManifest.xml:9:22-63
19    <!--
20         Required to query activities that can process text, see:
21         https://developer.android.com/training/package-visibility and
22         https://developer.android.com/reference/android/content/Intent#ACTION_PROCESS_TEXT.
23
24         In particular, this is used by the Flutter engine in io.flutter.plugin.text.ProcessTextPlugin.
25    -->
26    <queries>
26-->src/main/AndroidManifest.xml:48:5-53:15
27        <intent>
27-->src/main/AndroidManifest.xml:49:9-52:18
28            <action android:name="android.intent.action.PROCESS_TEXT" />
28-->src/main/AndroidManifest.xml:50:13-72
28-->src/main/AndroidManifest.xml:50:21-70
29
30            <data android:mimeType="text/plain" />
30-->src/main/AndroidManifest.xml:51:13-50
30-->src/main/AndroidManifest.xml:51:19-48
31        </intent>
32        <intent>
32-->[:file_picker] AndroidManifest.xml:8:9-12:18
33            <action android:name="android.intent.action.GET_CONTENT" />
33-->[:file_picker] AndroidManifest.xml:9:13-72
33-->[:file_picker] AndroidManifest.xml:9:21-69
34
35            <data android:mimeType="*/*" />
35-->src/main/AndroidManifest.xml:51:13-50
35-->src/main/AndroidManifest.xml:51:19-48
36        </intent>
37        <intent>
37-->[androidx.media:media:1.4.1] AndroidManifest.xml:25:9-27:18
38            <action android:name="android.media.browse.MediaBrowserService" />
38-->[androidx.media:media:1.4.1] AndroidManifest.xml:26:13-79
38-->[androidx.media:media:1.4.1] AndroidManifest.xml:26:21-76
39        </intent>
40    </queries>
41
42    <uses-permission android:name="android.permission.BLUETOOTH" />
42-->[com.github.canardoux:flutter_sound_core:9.17.8] AndroidManifest.xml:7:5-68
42-->[com.github.canardoux:flutter_sound_core:9.17.8] AndroidManifest.xml:7:22-65
43    <uses-permission android:name="android.permission.WAKE_LOCK" />
43-->[com.github.canardoux:flutter_sound_core:9.17.8] AndroidManifest.xml:8:5-68
43-->[com.github.canardoux:flutter_sound_core:9.17.8] AndroidManifest.xml:8:22-65
44    <uses-permission android:name="android.permission.MODIFY_AUDIO_SETTINGS" />
44-->[com.github.canardoux:flutter_sound_core:9.17.8] AndroidManifest.xml:9:5-80
44-->[com.github.canardoux:flutter_sound_core:9.17.8] AndroidManifest.xml:9:22-77
45    <uses-permission android:name="Manifest.permission.CAPTURE_AUDIO_OUTPUT" />
45-->[com.github.canardoux:flutter_sound_core:9.17.8] AndroidManifest.xml:11:5-80
45-->[com.github.canardoux:flutter_sound_core:9.17.8] AndroidManifest.xml:11:22-77
46
47    <permission
47-->[androidx.core:core:1.13.1] AndroidManifest.xml:22:5-24:47
48        android:name="com.example.ftalk_recorder.DYNAMIC_RECEIVER_NOT_EXPORTED_PERMISSION"
48-->[androidx.core:core:1.13.1] AndroidManifest.xml:23:9-81
49        android:protectionLevel="signature" />
49-->[androidx.core:core:1.13.1] AndroidManifest.xml:24:9-44
50
51    <uses-permission android:name="com.example.ftalk_recorder.DYNAMIC_RECEIVER_NOT_EXPORTED_PERMISSION" />
51-->[androidx.core:core:1.13.1] AndroidManifest.xml:26:5-97
51-->[androidx.core:core:1.13.1] AndroidManifest.xml:26:22-94
52
53    <application
54        android:name="android.app.Application"
54-->src/main/AndroidManifest.xml:13:9-42
55        android:appComponentFactory="androidx.core.app.CoreComponentFactory"
55-->[androidx.core:core:1.13.1] AndroidManifest.xml:28:18-86
56        android:extractNativeLibs="false"
57        android:icon="@mipmap/ic_launcher"
57-->src/main/AndroidManifest.xml:14:9-43
58        android:label="ftalk_recorder" >
58-->src/main/AndroidManifest.xml:12:9-39
59        <activity
59-->src/main/AndroidManifest.xml:15:9-36:20
60            android:name="com.example.ftalk_recorder.MainActivity"
60-->src/main/AndroidManifest.xml:16:13-41
61            android:configChanges="orientation|keyboardHidden|keyboard|screenSize|smallestScreenSize|locale|layoutDirection|fontScale|screenLayout|density|uiMode"
61-->src/main/AndroidManifest.xml:21:13-163
62            android:exported="true"
62-->src/main/AndroidManifest.xml:17:13-36
63            android:hardwareAccelerated="true"
63-->src/main/AndroidManifest.xml:22:13-47
64            android:launchMode="singleTop"
64-->src/main/AndroidManifest.xml:18:13-43
65            android:taskAffinity=""
65-->src/main/AndroidManifest.xml:19:13-36
66            android:theme="@style/LaunchTheme"
66-->src/main/AndroidManifest.xml:20:13-47
67            android:windowSoftInputMode="adjustResize" >
67-->src/main/AndroidManifest.xml:23:13-55
68
69            <!--
70                 Specifies an Android theme to apply to this Activity as soon as
71                 the Android process has started. This theme is visible to the user
72                 while the Flutter UI initializes. After that, this theme continues
73                 to determine the Window background behind the Flutter UI.
74            -->
75            <meta-data
75-->src/main/AndroidManifest.xml:28:13-31:17
76                android:name="io.flutter.embedding.android.NormalTheme"
76-->src/main/AndroidManifest.xml:29:15-70
77                android:resource="@style/NormalTheme" />
77-->src/main/AndroidManifest.xml:30:15-52
78
79            <intent-filter>
79-->src/main/AndroidManifest.xml:32:13-35:29
80                <action android:name="android.intent.action.MAIN" />
80-->src/main/AndroidManifest.xml:33:17-68
80-->src/main/AndroidManifest.xml:33:25-66
81
82                <category android:name="android.intent.category.LAUNCHER" />
82-->src/main/AndroidManifest.xml:34:17-76
82-->src/main/AndroidManifest.xml:34:27-74
83            </intent-filter>
84        </activity>
85        <!--
86             Don't delete the meta-data below.
87             This is used by the Flutter tool to generate GeneratedPluginRegistrant.java
88        -->
89        <meta-data
89-->src/main/AndroidManifest.xml:39:9-41:33
90            android:name="flutterEmbedding"
90-->src/main/AndroidManifest.xml:40:13-44
91            android:value="2" />
91-->src/main/AndroidManifest.xml:41:13-30
92
93        <uses-library
93-->[androidx.window:window:1.2.0] AndroidManifest.xml:23:9-25:40
94            android:name="androidx.window.extensions"
94-->[androidx.window:window:1.2.0] AndroidManifest.xml:24:13-54
95            android:required="false" />
95-->[androidx.window:window:1.2.0] AndroidManifest.xml:25:13-37
96        <uses-library
96-->[androidx.window:window:1.2.0] AndroidManifest.xml:26:9-28:40
97            android:name="androidx.window.sidecar"
97-->[androidx.window:window:1.2.0] AndroidManifest.xml:27:13-51
98            android:required="false" />
98-->[androidx.window:window:1.2.0] AndroidManifest.xml:28:13-37
99
100        <provider
100-->[androidx.lifecycle:lifecycle-process:2.7.0] AndroidManifest.xml:24:9-32:20
101            android:name="androidx.startup.InitializationProvider"
101-->[androidx.lifecycle:lifecycle-process:2.7.0] AndroidManifest.xml:25:13-67
102            android:authorities="com.example.ftalk_recorder.androidx-startup"
102-->[androidx.lifecycle:lifecycle-process:2.7.0] AndroidManifest.xml:26:13-68
103            android:exported="false" >
103-->[androidx.lifecycle:lifecycle-process:2.7.0] AndroidManifest.xml:27:13-37
104            <meta-data
104-->[androidx.lifecycle:lifecycle-process:2.7.0] AndroidManifest.xml:29:13-31:52
105                android:name="androidx.lifecycle.ProcessLifecycleInitializer"
105-->[androidx.lifecycle:lifecycle-process:2.7.0] AndroidManifest.xml:30:17-78
106                android:value="androidx.startup" />
106-->[androidx.lifecycle:lifecycle-process:2.7.0] AndroidManifest.xml:31:17-49
107            <meta-data
107-->[androidx.profileinstaller:profileinstaller:1.3.1] AndroidManifest.xml:29:13-31:52
108                android:name="androidx.profileinstaller.ProfileInstallerInitializer"
108-->[androidx.profileinstaller:profileinstaller:1.3.1] AndroidManifest.xml:30:17-85
109                android:value="androidx.startup" />
109-->[androidx.profileinstaller:profileinstaller:1.3.1] AndroidManifest.xml:31:17-49
110        </provider>
111
112        <receiver
112-->[androidx.profileinstaller:profileinstaller:1.3.1] AndroidManifest.xml:34:9-52:20
113            android:name="androidx.profileinstaller.ProfileInstallReceiver"
113-->[androidx.profileinstaller:profileinstaller:1.3.1] AndroidManifest.xml:35:13-76
114            android:directBootAware="false"
114-->[androidx.profileinstaller:profileinstaller:1.3.1] AndroidManifest.xml:36:13-44
115            android:enabled="true"
115-->[androidx.profileinstaller:profileinstaller:1.3.1] AndroidManifest.xml:37:13-35
116            android:exported="true"
116-->[androidx.profileinstaller:profileinstaller:1.3.1] AndroidManifest.xml:38:13-36
117            android:permission="android.permission.DUMP" >
117-->[androidx.profileinstaller:profileinstaller:1.3.1] AndroidManifest.xml:39:13-57
118            <intent-filter>
118-->[androidx.profileinstaller:profileinstaller:1.3.1] AndroidManifest.xml:40:13-42:29
119                <action android:name="androidx.profileinstaller.action.INSTALL_PROFILE" />
119-->[androidx.profileinstaller:profileinstaller:1.3.1] AndroidManifest.xml:41:17-91
119-->[androidx.profileinstaller:profileinstaller:1.3.1] AndroidManifest.xml:41:25-88
120            </intent-filter>
121            <intent-filter>
121-->[androidx.profileinstaller:profileinstaller:1.3.1] AndroidManifest.xml:43:13-45:29
122                <action android:name="androidx.profileinstaller.action.SKIP_FILE" />
122-->[androidx.profileinstaller:profileinstaller:1.3.1] AndroidManifest.xml:44:17-85
122-->[androidx.profileinstaller:profileinstaller:1.3.1] AndroidManifest.xml:44:25-82
123            </intent-filter>
124            <intent-filter>
124-->[androidx.profileinstaller:profileinstaller:1.3.1] AndroidManifest.xml:46:13-48:29
125                <action android:name="androidx.profileinstaller.action.SAVE_PROFILE" />
125-->[androidx.profileinstaller:profileinstaller:1.3.1] AndroidManifest.xml:47:17-88
125-->[androidx.profileinstaller:profileinstaller:1.3.1] AndroidManifest.xml:47:25-85
126            </intent-filter>
127            <intent-filter>
127-->[androidx.profileinstaller:profileinstaller:1.3.1] AndroidManifest.xml:49:13-51:29
128                <action android:name="androidx.profileinstaller.action.BENCHMARK_OPERATION" />
128-->[androidx.profileinstaller:profileinstaller:1.3.1] AndroidManifest.xml:50:17-95
128-->[androidx.profileinstaller:profileinstaller:1.3.1] AndroidManifest.xml:50:25-92
129            </intent-filter>
130        </receiver>
131    </application>
132
133</manifest>